{"name": "Проверка что клик по кнопке показать/скрыть пароль делает поле активным", "status": "broken", "statusDetails": {"message": "selenium.common.exceptions.ElementClickInterceptedException: Message: Element <div class=\"input__icon input__icon-action\"> is not clickable at point (1061,376) because another element <div class=\"Modal_modal_overlay__x2ZCr\"> obscures it\nStacktrace:\nRemoteError@chrome://remote/content/shared/RemoteError.sys.mjs:8:8\nWebDriverError@chrome://remote/content/shared/webdriver/Errors.sys.mjs:191:5\nElementClickInterceptedError@chrome://remote/content/shared/webdriver/Errors.sys.mjs:335:5\nwebdriverClickElement@chrome://remote/content/marionette/interaction.sys.mjs:176:11\ninteraction.clickElement@chrome://remote/content/marionette/interaction.sys.mjs:135:11\nclickElement@chrome://remote/content/marionette/actors/MarionetteCommandsChild.sys.mjs:204:29\nreceiveMessage@chrome://remote/content/marionette/actors/MarionetteCommandsChild.sys.mjs:84:31", "trace": "self = <tests.test_recovery.TestPasswordReset object at 0x00000180F20AF880>, driver = <selenium.webdriver.firefox.webdriver.WebDriver (session=\"fe59d26c-ae33-42ae-acb4-451288bf02e2\")>\ncreate_and_delete_user = ({'email': 'Elena_Krylova_4_588@mail.com', 'password': 'hxqlbavbpq'}, 'Bearer eyJhbGciOiJIUzI1NiIsInR5cCI6IkpXVCJ9.eyJ...TQ3OWVkMjgwMDAxYjNjM2EzZiIsImlhdCI6MTcwOTY2MzU1OSwiZXhwIjoxNzA5NjY0NzU5fQ.XWqUNg4qDtZAbnwwEIndt6YP_h2_ShC1sre__k_tkmw')\n\n    @allure.title('Проверка что клик по кнопке показать/скрыть пароль делает поле активным')\n    def test_make_field_active(self, driver, create_and_delete_user):\n        page = PasswordRecoveryPage(driver)\n        page.open_link(Site.forgot_password_page)\n        page.set_email_for_reset_password(create_and_delete_user[0]['email'])\n        page.click_reset_button()\n        page.find_save_button()\n>       page.click_on_show_password_button()\n\ntests\\test_recovery.py:36: \n_ _ _ _ _ _ _ _ _ _ _ _ _ _ _ _ _ _ _ _ _ _ _ _ _ _ _ _ _ _ _ _ _ _ _ _ _ _ _ _ _ _ _ _ _ _ _ _ _ _ _ _ _ _ _ _ _ _ _ _ _ _ _ _ _ _ _ _ _ _ _ _ _ _ _ _ _ _ _ _ _ _ _ _ _ _ _ _ _ _ _ _ _ \npages\\password_recovery_page.py:24: in click_on_show_password_button\n    self.click_on_element(PasswordRecoveryLocators.SHOW_PASSWORD_BUTTON)\npages\\base_page.py:20: in click_on_element\n    self.driver.find_element(*locator).click()\n..\\..\\..\\pycharmprojects\\pythonproject1\\pythonproject\\sprint_6\\lib\\site-packages\\selenium\\webdriver\\remote\\webelement.py:94: in click\n    self._execute(Command.CLICK_ELEMENT)\n..\\..\\..\\pycharmprojects\\pythonproject1\\pythonproject\\sprint_6\\lib\\site-packages\\selenium\\webdriver\\remote\\webelement.py:395: in _execute\n    return self._parent.execute(command, params)\n..\\..\\..\\pycharmprojects\\pythonproject1\\pythonproject\\sprint_6\\lib\\site-packages\\selenium\\webdriver\\remote\\webdriver.py:348: in execute\n    self.error_handler.check_response(response)\n_ _ _ _ _ _ _ _ _ _ _ _ _ _ _ _ _ _ _ _ _ _ _ _ _ _ _ _ _ _ _ _ _ _ _ _ _ _ _ _ _ _ _ _ _ _ _ _ _ _ _ _ _ _ _ _ _ _ _ _ _ _ _ _ _ _ _ _ _ _ _ _ _ _ _ _ _ _ _ _ _ _ _ _ _ _ _ _ _ _ _ _ _ \n\nself = <selenium.webdriver.remote.errorhandler.ErrorHandler object at 0x00000180F25B2200>\nresponse = {'status': 400, 'value': '{\"value\":{\"error\":\"element click intercepted\",\"message\":\"Element <div class=\\\\\"input__icon i...sys.mjs:204:29\\\\nreceiveMessage@chrome://remote/content/marionette/actors/MarionetteCommandsChild.sys.mjs:84:31\\\\n\"}}'}\n\n    def check_response(self, response: Dict[str, Any]) -> None:\n        \"\"\"Checks that a JSON response from the WebDriver does not have an\n        error.\n    \n        :Args:\n         - response - The JSON response from the WebDriver server as a dictionary\n           object.\n    \n        :Raises: If the response contains an error message.\n        \"\"\"\n        status = response.get(\"status\", None)\n        if not status or status == ErrorCode.SUCCESS:\n            return\n        value = None\n        message = response.get(\"message\", \"\")\n        screen: str = response.get(\"screen\", \"\")\n        stacktrace = None\n        if isinstance(status, int):\n            value_json = response.get(\"value\", None)\n            if value_json and isinstance(value_json, str):\n                import json\n    \n                try:\n                    value = json.loads(value_json)\n                    if len(value) == 1:\n                        value = value[\"value\"]\n                    status = value.get(\"error\", None)\n                    if not status:\n                        status = value.get(\"status\", ErrorCode.UNKNOWN_ERROR)\n                        message = value.get(\"value\") or value.get(\"message\")\n                        if not isinstance(message, str):\n                            value = message\n                            message = message.get(\"message\")\n                    else:\n                        message = value.get(\"message\", None)\n                except ValueError:\n                    pass\n    \n        exception_class: Type[WebDriverException]\n        e = ErrorCode()\n        error_codes = [item for item in dir(e) if not item.startswith(\"__\")]\n        for error_code in error_codes:\n            error_info = getattr(ErrorCode, error_code)\n            if isinstance(error_info, list) and status in error_info:\n                exception_class = getattr(ExceptionMapping, error_code, WebDriverException)\n                break\n        else:\n            exception_class = WebDriverException\n    \n        if not value:\n            value = response[\"value\"]\n        if isinstance(value, str):\n            raise exception_class(value)\n        if message == \"\" and \"message\" in value:\n            message = value[\"message\"]\n    \n        screen = None  # type: ignore[assignment]\n        if \"screen\" in value:\n            screen = value[\"screen\"]\n    \n        stacktrace = None\n        st_value = value.get(\"stackTrace\") or value.get(\"stacktrace\")\n        if st_value:\n            if isinstance(st_value, str):\n                stacktrace = st_value.split(\"\\n\")\n            else:\n                stacktrace = []\n                try:\n                    for frame in st_value:\n                        line = frame.get(\"lineNumber\", \"\")\n                        file = frame.get(\"fileName\", \"<anonymous>\")\n                        if line:\n                            file = f\"{file}:{line}\"\n                        meth = frame.get(\"methodName\", \"<anonymous>\")\n                        if \"className\" in frame:\n                            meth = f\"{frame['className']}.{meth}\"\n                        msg = \"    at %s (%s)\"\n                        msg = msg % (meth, file)\n                        stacktrace.append(msg)\n                except TypeError:\n                    pass\n        if exception_class == UnexpectedAlertPresentException:\n            alert_text = None\n            if \"data\" in value:\n                alert_text = value[\"data\"].get(\"text\")\n            elif \"alert\" in value:\n                alert_text = value[\"alert\"].get(\"text\")\n            raise exception_class(message, screen, stacktrace, alert_text)  # type: ignore[call-arg]  # mypy is not smart enough here\n>       raise exception_class(message, screen, stacktrace)\nE       selenium.common.exceptions.ElementClickInterceptedException: Message: Element <div class=\"input__icon input__icon-action\"> is not clickable at point (1061,376) because another element <div class=\"Modal_modal_overlay__x2ZCr\"> obscures it\nE       Stacktrace:\nE       RemoteError@chrome://remote/content/shared/RemoteError.sys.mjs:8:8\nE       WebDriverError@chrome://remote/content/shared/webdriver/Errors.sys.mjs:191:5\nE       ElementClickInterceptedError@chrome://remote/content/shared/webdriver/Errors.sys.mjs:335:5\nE       webdriverClickElement@chrome://remote/content/marionette/interaction.sys.mjs:176:11\nE       interaction.clickElement@chrome://remote/content/marionette/interaction.sys.mjs:135:11\nE       clickElement@chrome://remote/content/marionette/actors/MarionetteCommandsChild.sys.mjs:204:29\nE       receiveMessage@chrome://remote/content/marionette/actors/MarionetteCommandsChild.sys.mjs:84:31\n\n..\\..\\..\\pycharmprojects\\pythonproject1\\pythonproject\\sprint_6\\lib\\site-packages\\selenium\\webdriver\\remote\\errorhandler.py:229: ElementClickInterceptedException"}, "steps": [{"name": "Открываем ссылку", "status": "passed", "parameters": [{"name": "url", "value": "'https://stellarburgers.nomoreparties.site/forgot-password'"}], "start": 1709663559781, "stop": 1709663560021}, {"name": "Вводим емейл в поле для восстановления пароля", "status": "passed", "steps": [{"name": "Вставить текст 'Elena_Krylova_4_588@mail.com'", "status": "passed", "parameters": [{"name": "locator", "value": "('xpath', '//label[text()=\"Email\"]/following-sibling::input')"}, {"name": "text", "value": "'Elena_Krylova_4_588@mail.com'"}], "start": 1709663560021, "stop": 1709663560130}], "parameters": [{"name": "email", "value": "'Elena_Krylova_4_588@mail.com'"}], "start": 1709663560021, "stop": 1709663560130}, {"name": "Нажимаем на кнопку Восстановить", "status": "passed", "steps": [{"name": "Переместиться до элемента и кликнуть", "status": "passed", "parameters": [{"name": "locator", "value": "('xpath', '//button[text()=\"Восстановить\"]')"}], "start": 1709663560130, "stop": 1709663560424}], "start": 1709663560130, "stop": 1709663560424}, {"name": "Найти кнопку Сохранить", "status": "passed", "steps": [{"name": "Найти элемент на странице", "status": "passed", "parameters": [{"name": "locator", "value": "('xpath', '//button[text()=\"Сохранить\"]')"}], "start": 1709663560424, "stop": 1709663561478}], "start": 1709663560424, "stop": 1709663561478}, {"name": "Кликаем на кнопку Показать/скрыть пароль", "status": "broken", "statusDetails": {"message": "selenium.common.exceptions.ElementClickInterceptedException: Message: Element <div class=\"input__icon input__icon-action\"> is not clickable at point (1061,376) because another element <div class=\"Modal_modal_overlay__x2ZCr\"> obscures it\nStacktrace:\nRemoteError@chrome://remote/content/shared/RemoteError.sys.mjs:8:8\nWebDriverError@chrome://remote/content/shared/webdriver/Errors.sys.mjs:191:5\nElementClickInterceptedError@chrome://remote/content/shared/webdriver/Errors.sys.mjs:335:5\nwebdriverClickElement@chrome://remote/content/marionette/interaction.sys.mjs:176:11\ninteraction.clickElement@chrome://remote/content/marionette/interaction.sys.mjs:135:11\nclickElement@chrome://remote/content/marionette/actors/MarionetteCommandsChild.sys.mjs:204:29\nreceiveMessage@chrome://remote/content/marionette/actors/MarionetteCommandsChild.sys.mjs:84:31\n\n", "trace": "  File \"c:\\users\\user1\\pycharmprojects\\pythonproject1\\pythonproject\\sprint_6\\lib\\site-packages\\allure_commons\\_allure.py\", line 192, in impl\n    return func(*a, **kw)\n  File \"C:\\Users\\user1\\yandex\\Diplom\\Diplom_3\\pages\\password_recovery_page.py\", line 24, in click_on_show_password_button\n    self.click_on_element(PasswordRecoveryLocators.SHOW_PASSWORD_BUTTON)\n  File \"c:\\users\\user1\\pycharmprojects\\pythonproject1\\pythonproject\\sprint_6\\lib\\site-packages\\allure_commons\\_allure.py\", line 192, in impl\n    return func(*a, **kw)\n  File \"C:\\Users\\user1\\yandex\\Diplom\\Diplom_3\\pages\\base_page.py\", line 20, in click_on_element\n    self.driver.find_element(*locator).click()\n  File \"c:\\users\\user1\\pycharmprojects\\pythonproject1\\pythonproject\\sprint_6\\lib\\site-packages\\selenium\\webdriver\\remote\\webelement.py\", line 94, in click\n    self._execute(Command.CLICK_ELEMENT)\n  File \"c:\\users\\user1\\pycharmprojects\\pythonproject1\\pythonproject\\sprint_6\\lib\\site-packages\\selenium\\webdriver\\remote\\webelement.py\", line 395, in _execute\n    return self._parent.execute(command, params)\n  File \"c:\\users\\user1\\pycharmprojects\\pythonproject1\\pythonproject\\sprint_6\\lib\\site-packages\\selenium\\webdriver\\remote\\webdriver.py\", line 348, in execute\n    self.error_handler.check_response(response)\n  File \"c:\\users\\user1\\pycharmprojects\\pythonproject1\\pythonproject\\sprint_6\\lib\\site-packages\\selenium\\webdriver\\remote\\errorhandler.py\", line 229, in check_response\n    raise exception_class(message, screen, stacktrace)\n"}, "steps": [{"name": "Кликаем по элементу ('xpath', '//div[contains(@class,\"icon-action\")]')", "status": "broken", "statusDetails": {"message": "selenium.common.exceptions.ElementClickInterceptedException: Message: Element <div class=\"input__icon input__icon-action\"> is not clickable at point (1061,376) because another element <div class=\"Modal_modal_overlay__x2ZCr\"> obscures it\nStacktrace:\nRemoteError@chrome://remote/content/shared/RemoteError.sys.mjs:8:8\nWebDriverError@chrome://remote/content/shared/webdriver/Errors.sys.mjs:191:5\nElementClickInterceptedError@chrome://remote/content/shared/webdriver/Errors.sys.mjs:335:5\nwebdriverClickElement@chrome://remote/content/marionette/interaction.sys.mjs:176:11\ninteraction.clickElement@chrome://remote/content/marionette/interaction.sys.mjs:135:11\nclickElement@chrome://remote/content/marionette/actors/MarionetteCommandsChild.sys.mjs:204:29\nreceiveMessage@chrome://remote/content/marionette/actors/MarionetteCommandsChild.sys.mjs:84:31\n\n", "trace": "  File \"c:\\users\\user1\\pycharmprojects\\pythonproject1\\pythonproject\\sprint_6\\lib\\site-packages\\allure_commons\\_allure.py\", line 192, in impl\n    return func(*a, **kw)\n  File \"C:\\Users\\user1\\yandex\\Diplom\\Diplom_3\\pages\\base_page.py\", line 20, in click_on_element\n    self.driver.find_element(*locator).click()\n  File \"c:\\users\\user1\\pycharmprojects\\pythonproject1\\pythonproject\\sprint_6\\lib\\site-packages\\selenium\\webdriver\\remote\\webelement.py\", line 94, in click\n    self._execute(Command.CLICK_ELEMENT)\n  File \"c:\\users\\user1\\pycharmprojects\\pythonproject1\\pythonproject\\sprint_6\\lib\\site-packages\\selenium\\webdriver\\remote\\webelement.py\", line 395, in _execute\n    return self._parent.execute(command, params)\n  File \"c:\\users\\user1\\pycharmprojects\\pythonproject1\\pythonproject\\sprint_6\\lib\\site-packages\\selenium\\webdriver\\remote\\webdriver.py\", line 348, in execute\n    self.error_handler.check_response(response)\n  File \"c:\\users\\user1\\pycharmprojects\\pythonproject1\\pythonproject\\sprint_6\\lib\\site-packages\\selenium\\webdriver\\remote\\errorhandler.py\", line 229, in check_response\n    raise exception_class(message, screen, stacktrace)\n"}, "parameters": [{"name": "locator", "value": "('xpath', '//div[contains(@class,\"icon-action\")]')"}], "start": 1709663561478, "stop": 1709663561487}], "start": 1709663561478, "stop": 1709663561487}], "parameters": [{"name": "driver", "value": "'firefox'"}], "start": 1709663559780, "stop": 1709663561488, "uuid": "2987379b-7f55-47d0-b349-dfb7e51b1d34", "historyId": "753b34d0999a5598b88260139b9e2822", "testCaseId": "c3c34a2ded3f761772867cab5851ff70", "fullName": "tests.test_recovery.TestPasswordReset#test_make_field_active", "labels": [{"name": "parentSuite", "value": "tests"}, {"name": "suite", "value": "test_recovery"}, {"name": "subSuite", "value": "TestPasswordReset"}, {"name": "host", "value": "DESKTOP-JIIB17T"}, {"name": "thread", "value": "146488-MainThread"}, {"name": "framework", "value": "pytest"}, {"name": "language", "value": "cpython3"}, {"name": "package", "value": "tests.test_recovery"}]}