{"name": "Проверка возможности оформления заказ залогиненным пользователем", "status": "broken", "statusDetails": {"message": "selenium.common.exceptions.NoSuchElementException: Message: no such element: Unable to locate element: {\"method\":\"xpath\",\"selector\":\"//p[text()=\"Флюоресцентная булка R2-D3\"]\"}\n  (Session info: chrome=122.0.6261.95); For documentation on this error, please visit: https://www.selenium.dev/documentation/webdriver/troubleshooting/errors#no-such-element-exception\nStacktrace:\n\tGetHandleVerifier [0x00007FF6D9FCAD32+56930]\n\t(No symbol) [0x00007FF6D9F3F632]\n\t(No symbol) [0x00007FF6D9DF42E5]\n\t(No symbol) [0x00007FF6D9E398ED]\n\t(No symbol) [0x00007FF6D9E39A2C]\n\t(No symbol) [0x00007FF6D9E7A967]\n\t(No symbol) [0x00007FF6D9E5BCDF]\n\t(No symbol) [0x00007FF6D9E781E2]\n\t(No symbol) [0x00007FF6D9E5BA43]\n\t(No symbol) [0x00007FF6D9E2D438]\n\t(No symbol) [0x00007FF6D9E2E4D1]\n\tGetHandleVerifier [0x00007FF6DA346ABD+3709933]\n\tGetHandleVerifier [0x00007FF6DA39FFFD+4075821]\n\tGetHandleVerifier [0x00007FF6DA39818F+4043455]\n\tGetHandleVerifier [0x00007FF6DA069766+706710]\n\t(No symbol) [0x00007FF6D9F4B90F]\n\t(No symbol) [0x00007FF6D9F46AF4]\n\t(No symbol) [0x00007FF6D9F46C4C]\n\t(No symbol) [0x00007FF6D9F36904]\n\tBaseThreadInitThunk [0x00007FFC1AB77344+20]\n\tRtlUserThreadStart [0x00007FFC1B4226B1+33]", "trace": "self = <tests.test_main_page.TestMainPage object at 0x00000285E7B9B580>\nauthorization = <selenium.webdriver.chrome.webdriver.WebDriver (session=\"8baab829d0884e89fd77be693f5b4670\")>\n\n    @allure.title('Проверка возможности оформления заказ залогиненным пользователем')\n    @allure.description(\n        'Нажимаем кнопку «Оформить заказ» и проверяем, '\n        ' что заказ оформлен и появился идентификатор заказа'\n    )\n    def test_successful_order(self, authorization):\n        driver = authorization\n        main_page = MainPage(driver)\n>       main_page.add_filling_to_order()\n\ntests\\test_main_page.py:42: \n_ _ _ _ _ _ _ _ _ _ _ _ _ _ _ _ _ _ _ _ _ _ _ _ _ _ _ _ _ _ _ _ _ _ _ _ _ _ _ _ _ _ _ _ _ _ _ _ _ _ _ _ _ _ _ _ _ _ _ _ _ _ _ _ _ _ _ _ _ _ _ _ _ _ _ _ _ _ _ _ _ _ _ _ _ _ \npages\\main_page.py:37: in add_filling_to_order\n    self.drag_and_drop_on_element(MainPageLocators.BUN_INGREDIENT, MainPageLocators.ORDER_BASKET)\npages\\base_page.py:57: in drag_and_drop_on_element\n    draggable = self.driver.find_element(*locator_one)\n..\\..\\..\\pycharmprojects\\pythonproject1\\pythonproject\\sprint_6\\lib\\site-packages\\selenium\\webdriver\\remote\\webdriver.py:742: in find_element\n    return self.execute(Command.FIND_ELEMENT, {\"using\": by, \"value\": value})[\"value\"]\n..\\..\\..\\pycharmprojects\\pythonproject1\\pythonproject\\sprint_6\\lib\\site-packages\\selenium\\webdriver\\remote\\webdriver.py:348: in execute\n    self.error_handler.check_response(response)\n_ _ _ _ _ _ _ _ _ _ _ _ _ _ _ _ _ _ _ _ _ _ _ _ _ _ _ _ _ _ _ _ _ _ _ _ _ _ _ _ _ _ _ _ _ _ _ _ _ _ _ _ _ _ _ _ _ _ _ _ _ _ _ _ _ _ _ _ _ _ _ _ _ _ _ _ _ _ _ _ _ _ _ _ _ _ \n\nself = <selenium.webdriver.remote.errorhandler.ErrorHandler object at 0x00000285E83E6C50>\nresponse = {'status': 404, 'value': '{\"value\":{\"error\":\"no such element\",\"message\":\"no such element: Unable to locate element: {\\...07FF6D9F36904]\\\\n\\\\tBaseThreadInitThunk [0x00007FFC1AB77344+20]\\\\n\\\\tRtlUserThreadStart [0x00007FFC1B4226B1+33]\\\\n\"}}'}\n\n    def check_response(self, response: Dict[str, Any]) -> None:\n        \"\"\"Checks that a JSON response from the WebDriver does not have an\n        error.\n    \n        :Args:\n         - response - The JSON response from the WebDriver server as a dictionary\n           object.\n    \n        :Raises: If the response contains an error message.\n        \"\"\"\n        status = response.get(\"status\", None)\n        if not status or status == ErrorCode.SUCCESS:\n            return\n        value = None\n        message = response.get(\"message\", \"\")\n        screen: str = response.get(\"screen\", \"\")\n        stacktrace = None\n        if isinstance(status, int):\n            value_json = response.get(\"value\", None)\n            if value_json and isinstance(value_json, str):\n                import json\n    \n                try:\n                    value = json.loads(value_json)\n                    if len(value) == 1:\n                        value = value[\"value\"]\n                    status = value.get(\"error\", None)\n                    if not status:\n                        status = value.get(\"status\", ErrorCode.UNKNOWN_ERROR)\n                        message = value.get(\"value\") or value.get(\"message\")\n                        if not isinstance(message, str):\n                            value = message\n                            message = message.get(\"message\")\n                    else:\n                        message = value.get(\"message\", None)\n                except ValueError:\n                    pass\n    \n        exception_class: Type[WebDriverException]\n        e = ErrorCode()\n        error_codes = [item for item in dir(e) if not item.startswith(\"__\")]\n        for error_code in error_codes:\n            error_info = getattr(ErrorCode, error_code)\n            if isinstance(error_info, list) and status in error_info:\n                exception_class = getattr(ExceptionMapping, error_code, WebDriverException)\n                break\n        else:\n            exception_class = WebDriverException\n    \n        if not value:\n            value = response[\"value\"]\n        if isinstance(value, str):\n            raise exception_class(value)\n        if message == \"\" and \"message\" in value:\n            message = value[\"message\"]\n    \n        screen = None  # type: ignore[assignment]\n        if \"screen\" in value:\n            screen = value[\"screen\"]\n    \n        stacktrace = None\n        st_value = value.get(\"stackTrace\") or value.get(\"stacktrace\")\n        if st_value:\n            if isinstance(st_value, str):\n                stacktrace = st_value.split(\"\\n\")\n            else:\n                stacktrace = []\n                try:\n                    for frame in st_value:\n                        line = frame.get(\"lineNumber\", \"\")\n                        file = frame.get(\"fileName\", \"<anonymous>\")\n                        if line:\n                            file = f\"{file}:{line}\"\n                        meth = frame.get(\"methodName\", \"<anonymous>\")\n                        if \"className\" in frame:\n                            meth = f\"{frame['className']}.{meth}\"\n                        msg = \"    at %s (%s)\"\n                        msg = msg % (meth, file)\n                        stacktrace.append(msg)\n                except TypeError:\n                    pass\n        if exception_class == UnexpectedAlertPresentException:\n            alert_text = None\n            if \"data\" in value:\n                alert_text = value[\"data\"].get(\"text\")\n            elif \"alert\" in value:\n                alert_text = value[\"alert\"].get(\"text\")\n            raise exception_class(message, screen, stacktrace, alert_text)  # type: ignore[call-arg]  # mypy is not smart enough here\n>       raise exception_class(message, screen, stacktrace)\nE       selenium.common.exceptions.NoSuchElementException: Message: no such element: Unable to locate element: {\"method\":\"xpath\",\"selector\":\"//p[text()=\"Флюоресцентная булка R2-D3\"]\"}\nE         (Session info: chrome=122.0.6261.95); For documentation on this error, please visit: https://www.selenium.dev/documentation/webdriver/troubleshooting/errors#no-such-element-exception\nE       Stacktrace:\nE       \tGetHandleVerifier [0x00007FF6D9FCAD32+56930]\nE       \t(No symbol) [0x00007FF6D9F3F632]\nE       \t(No symbol) [0x00007FF6D9DF42E5]\nE       \t(No symbol) [0x00007FF6D9E398ED]\nE       \t(No symbol) [0x00007FF6D9E39A2C]\nE       \t(No symbol) [0x00007FF6D9E7A967]\nE       \t(No symbol) [0x00007FF6D9E5BCDF]\nE       \t(No symbol) [0x00007FF6D9E781E2]\nE       \t(No symbol) [0x00007FF6D9E5BA43]\nE       \t(No symbol) [0x00007FF6D9E2D438]\nE       \t(No symbol) [0x00007FF6D9E2E4D1]\nE       \tGetHandleVerifier [0x00007FF6DA346ABD+3709933]\nE       \tGetHandleVerifier [0x00007FF6DA39FFFD+4075821]\nE       \tGetHandleVerifier [0x00007FF6DA39818F+4043455]\nE       \tGetHandleVerifier [0x00007FF6DA069766+706710]\nE       \t(No symbol) [0x00007FF6D9F4B90F]\nE       \t(No symbol) [0x00007FF6D9F46AF4]\nE       \t(No symbol) [0x00007FF6D9F46C4C]\nE       \t(No symbol) [0x00007FF6D9F36904]\nE       \tBaseThreadInitThunk [0x00007FFC1AB77344+20]\nE       \tRtlUserThreadStart [0x00007FFC1B4226B1+33]\n\n..\\..\\..\\pycharmprojects\\pythonproject1\\pythonproject\\sprint_6\\lib\\site-packages\\selenium\\webdriver\\remote\\errorhandler.py:229: NoSuchElementException"}, "description": "Нажимаем кнопку «Оформить заказ» и проверяем,  что заказ оформлен и появился идентификатор заказа", "steps": [{"name": "Добавить ингридиент в заказ", "status": "broken", "statusDetails": {"message": "selenium.common.exceptions.NoSuchElementException: Message: no such element: Unable to locate element: {\"method\":\"xpath\",\"selector\":\"//p[text()=\"Флюоресцентная булка R2-D3\"]\"}\n  (Session info: chrome=122.0.6261.95); For documentation on this error, please visit: https://www.selenium.dev/documentation/webdriver/troubleshooting/errors#no-such-element-exception\nStacktrace:\n\tGetHandleVerifier [0x00007FF6D9FCAD32+56930]\n\t(No symbol) [0x00007FF6D9F3F632]\n\t(No symbol) [0x00007FF6D9DF42E5]\n\t(No symbol) [0x00007FF6D9E398ED]\n\t(No symbol) [0x00007FF6D9E39A2C]\n\t(No symbol) [0x00007FF6D9E7A967]\n\t(No symbol) [0x00007FF6D9E5BCDF]\n\t(No symbol) [0x00007FF6D9E781E2]\n\t(No symbol) [0x00007FF6D9E5BA43]\n\t(No symbol) [0x00007FF6D9E2D438]\n\t(No symbol) [0x00007FF6D9E2E4D1]\n\tGetHandleVerifier [0x00007FF6DA346ABD+3709933]\n\tGetHandleVerifier [0x00007FF6DA39FFFD+4075821]\n\tGetHandleVerifier [0x00007FF6DA39818F+4043455]\n\tGetHandleVerifier [0x00007FF6DA069766+706710]\n\t(No symbol) [0x00007FF6D9F4B90F]\n\t(No symbol) [0x00007FF6D9F46AF4]\n\t(No symbol) [0x00007FF6D9F46C4C]\n\t(No symbol) [0x00007FF6D9F36904]\n\tBaseThreadInitThunk [0x00007FFC1AB77344+20]\n\tRtlUserThreadStart [0x00007FFC1B4226B1+33]\n\n", "trace": "  File \"c:\\users\\user1\\pycharmprojects\\pythonproject1\\pythonproject\\sprint_6\\lib\\site-packages\\allure_commons\\_allure.py\", line 192, in impl\n    return func(*a, **kw)\n  File \"C:\\Users\\user1\\yandex\\Diplom\\Diplom_3\\pages\\main_page.py\", line 37, in add_filling_to_order\n    self.drag_and_drop_on_element(MainPageLocators.BUN_INGREDIENT, MainPageLocators.ORDER_BASKET)\n  File \"c:\\users\\user1\\pycharmprojects\\pythonproject1\\pythonproject\\sprint_6\\lib\\site-packages\\allure_commons\\_allure.py\", line 192, in impl\n    return func(*a, **kw)\n  File \"C:\\Users\\user1\\yandex\\Diplom\\Diplom_3\\pages\\base_page.py\", line 57, in drag_and_drop_on_element\n    draggable = self.driver.find_element(*locator_one)\n  File \"c:\\users\\user1\\pycharmprojects\\pythonproject1\\pythonproject\\sprint_6\\lib\\site-packages\\selenium\\webdriver\\remote\\webdriver.py\", line 742, in find_element\n    return self.execute(Command.FIND_ELEMENT, {\"using\": by, \"value\": value})[\"value\"]\n  File \"c:\\users\\user1\\pycharmprojects\\pythonproject1\\pythonproject\\sprint_6\\lib\\site-packages\\selenium\\webdriver\\remote\\webdriver.py\", line 348, in execute\n    self.error_handler.check_response(response)\n  File \"c:\\users\\user1\\pycharmprojects\\pythonproject1\\pythonproject\\sprint_6\\lib\\site-packages\\selenium\\webdriver\\remote\\errorhandler.py\", line 229, in check_response\n    raise exception_class(message, screen, stacktrace)\n"}, "steps": [{"name": "Перетащить элемент", "status": "broken", "statusDetails": {"message": "selenium.common.exceptions.NoSuchElementException: Message: no such element: Unable to locate element: {\"method\":\"xpath\",\"selector\":\"//p[text()=\"Флюоресцентная булка R2-D3\"]\"}\n  (Session info: chrome=122.0.6261.95); For documentation on this error, please visit: https://www.selenium.dev/documentation/webdriver/troubleshooting/errors#no-such-element-exception\nStacktrace:\n\tGetHandleVerifier [0x00007FF6D9FCAD32+56930]\n\t(No symbol) [0x00007FF6D9F3F632]\n\t(No symbol) [0x00007FF6D9DF42E5]\n\t(No symbol) [0x00007FF6D9E398ED]\n\t(No symbol) [0x00007FF6D9E39A2C]\n\t(No symbol) [0x00007FF6D9E7A967]\n\t(No symbol) [0x00007FF6D9E5BCDF]\n\t(No symbol) [0x00007FF6D9E781E2]\n\t(No symbol) [0x00007FF6D9E5BA43]\n\t(No symbol) [0x00007FF6D9E2D438]\n\t(No symbol) [0x00007FF6D9E2E4D1]\n\tGetHandleVerifier [0x00007FF6DA346ABD+3709933]\n\tGetHandleVerifier [0x00007FF6DA39FFFD+4075821]\n\tGetHandleVerifier [0x00007FF6DA39818F+4043455]\n\tGetHandleVerifier [0x00007FF6DA069766+706710]\n\t(No symbol) [0x00007FF6D9F4B90F]\n\t(No symbol) [0x00007FF6D9F46AF4]\n\t(No symbol) [0x00007FF6D9F46C4C]\n\t(No symbol) [0x00007FF6D9F36904]\n\tBaseThreadInitThunk [0x00007FFC1AB77344+20]\n\tRtlUserThreadStart [0x00007FFC1B4226B1+33]\n\n", "trace": "  File \"c:\\users\\user1\\pycharmprojects\\pythonproject1\\pythonproject\\sprint_6\\lib\\site-packages\\allure_commons\\_allure.py\", line 192, in impl\n    return func(*a, **kw)\n  File \"C:\\Users\\user1\\yandex\\Diplom\\Diplom_3\\pages\\base_page.py\", line 57, in drag_and_drop_on_element\n    draggable = self.driver.find_element(*locator_one)\n  File \"c:\\users\\user1\\pycharmprojects\\pythonproject1\\pythonproject\\sprint_6\\lib\\site-packages\\selenium\\webdriver\\remote\\webdriver.py\", line 742, in find_element\n    return self.execute(Command.FIND_ELEMENT, {\"using\": by, \"value\": value})[\"value\"]\n  File \"c:\\users\\user1\\pycharmprojects\\pythonproject1\\pythonproject\\sprint_6\\lib\\site-packages\\selenium\\webdriver\\remote\\webdriver.py\", line 348, in execute\n    self.error_handler.check_response(response)\n  File \"c:\\users\\user1\\pycharmprojects\\pythonproject1\\pythonproject\\sprint_6\\lib\\site-packages\\selenium\\webdriver\\remote\\errorhandler.py\", line 229, in check_response\n    raise exception_class(message, screen, stacktrace)\n"}, "parameters": [{"name": "locator_one", "value": "('xpath', '//p[text()=\"Флюоресцентная булка R2-D3\"]')"}, {"name": "locator_two", "value": "('class name', 'BurgerConstructor_basket__list__l9dp_')"}], "start": 1709972342429, "stop": 1709972342439}], "start": 1709972342429, "stop": 1709972342531}], "parameters": [{"name": "driver", "value": "'chrome'"}], "start": 1709972342429, "stop": 1709972342531, "uuid": "2946efb1-3658-42f9-a4c2-2d151cca5ea0", "historyId": "9fe3208695653b6f083c0d7adc52548b", "testCaseId": "d1753ccba30592f56518d638a94c4cb0", "fullName": "tests.test_main_page.TestMainPage#test_successful_order", "labels": [{"name": "parentSuite", "value": "tests"}, {"name": "suite", "value": "test_main_page"}, {"name": "subSuite", "value": "TestMainPage"}, {"name": "host", "value": "DESKTOP-JIIB17T"}, {"name": "thread", "value": "164420-MainThread"}, {"name": "framework", "value": "pytest"}, {"name": "language", "value": "cpython3"}, {"name": "package", "value": "tests.test_main_page"}]}